<?xml version='1.0'?>
<!DOCTYPE foo>
<!-- hello -->

<foo>
bar&ie; <!-- hi there -->
</foo>
