ha <i>foo</i> ha
