<?xml version='1.0'?>

<!DOCTYPE test [

<!-- <!ELEMENT test (#PCDATA) > -->
<!ENTITY % xx '&#37;zz;'>
<!ENTITY % zz '&#60;!ENTITY tricky "error-prone" >' >
%xx;
<!ENTITY foo 'hello&bar;'>      <!-- these should error out if used -->
<!ENTITY bar 'hello&foo;'>
]>
<test>This sample shows as &tricky; method.</test>

